mode: set
github.com/orch8-io/sdk-go/client.go:30.42,37.2 1 1
github.com/orch8-io/sdk-go/client.go:40.91,42.17 2 1
github.com/orch8-io/sdk-go/client.go:42.17,44.17 2 1
github.com/orch8-io/sdk-go/client.go:44.17,46.4 1 0
github.com/orch8-io/sdk-go/client.go:47.3,47.37 1 1
github.com/orch8-io/sdk-go/client.go:50.2,51.16 2 1
github.com/orch8-io/sdk-go/client.go:51.16,53.3 1 0
github.com/orch8-io/sdk-go/client.go:55.2,56.22 2 1
github.com/orch8-io/sdk-go/client.go:56.22,58.3 1 1
github.com/orch8-io/sdk-go/client.go:59.2,59.30 1 1
github.com/orch8-io/sdk-go/client.go:59.30,61.3 1 0
github.com/orch8-io/sdk-go/client.go:63.2,64.16 2 1
github.com/orch8-io/sdk-go/client.go:64.16,66.3 1 0
github.com/orch8-io/sdk-go/client.go:67.2,70.16 3 1
github.com/orch8-io/sdk-go/client.go:70.16,72.3 1 0
github.com/orch8-io/sdk-go/client.go:74.2,74.28 1 1
github.com/orch8-io/sdk-go/client.go:74.28,80.3 1 1
github.com/orch8-io/sdk-go/client.go:82.2,82.45 1 1
github.com/orch8-io/sdk-go/client.go:82.45,84.3 1 1
github.com/orch8-io/sdk-go/client.go:89.2,89.24 1 1
github.com/orch8-io/sdk-go/client.go:89.24,91.3 1 1
github.com/orch8-io/sdk-go/client.go:93.2,93.57 1 1
github.com/orch8-io/sdk-go/client.go:93.57,95.3 1 0
github.com/orch8-io/sdk-go/client.go:96.2,96.12 1 1
github.com/orch8-io/sdk-go/client.go:104.93,106.77 2 1
github.com/orch8-io/sdk-go/client.go:106.77,108.3 1 0
github.com/orch8-io/sdk-go/client.go:109.2,109.18 1 1
github.com/orch8-io/sdk-go/client.go:113.91,115.79 2 1
github.com/orch8-io/sdk-go/client.go:115.79,117.3 1 0
github.com/orch8-io/sdk-go/client.go:118.2,118.18 1 1
github.com/orch8-io/sdk-go/client.go:122.134,128.20 2 1
github.com/orch8-io/sdk-go/client.go:128.20,130.3 1 1
github.com/orch8-io/sdk-go/client.go:131.2,132.100 2 1
github.com/orch8-io/sdk-go/client.go:132.100,134.3 1 0
github.com/orch8-io/sdk-go/client.go:135.2,135.18 1 1
github.com/orch8-io/sdk-go/client.go:139.74,141.2 1 1
github.com/orch8-io/sdk-go/client.go:144.124,151.101 3 1
github.com/orch8-io/sdk-go/client.go:151.101,153.3 1 0
github.com/orch8-io/sdk-go/client.go:154.2,154.17 1 1
github.com/orch8-io/sdk-go/client.go:158.109,160.21 2 1
github.com/orch8-io/sdk-go/client.go:160.21,162.28 2 0
github.com/orch8-io/sdk-go/client.go:162.28,164.4 1 0
github.com/orch8-io/sdk-go/client.go:165.3,165.32 1 0
github.com/orch8-io/sdk-go/client.go:167.2,168.67 2 1
github.com/orch8-io/sdk-go/client.go:168.67,170.3 1 0
github.com/orch8-io/sdk-go/client.go:171.2,171.17 1 1
github.com/orch8-io/sdk-go/client.go:175.71,177.2 1 1
github.com/orch8-io/sdk-go/client.go:180.88,182.94 2 1
github.com/orch8-io/sdk-go/client.go:182.94,184.3 1 0
github.com/orch8-io/sdk-go/client.go:185.2,185.18 1 1
github.com/orch8-io/sdk-go/client.go:193.87,195.77 2 1
github.com/orch8-io/sdk-go/client.go:195.77,197.3 1 0
github.com/orch8-io/sdk-go/client.go:198.2,198.18 1 1
github.com/orch8-io/sdk-go/client.go:202.100,204.83 2 1
github.com/orch8-io/sdk-go/client.go:204.83,206.3 1 0
github.com/orch8-io/sdk-go/client.go:207.2,207.18 1 1
github.com/orch8-io/sdk-go/client.go:211.85,213.79 2 1
github.com/orch8-io/sdk-go/client.go:213.79,215.3 1 1
github.com/orch8-io/sdk-go/client.go:216.2,216.18 1 1
github.com/orch8-io/sdk-go/client.go:220.103,222.21 2 1
github.com/orch8-io/sdk-go/client.go:222.21,224.28 2 1
github.com/orch8-io/sdk-go/client.go:224.28,226.4 1 1
github.com/orch8-io/sdk-go/client.go:227.3,227.32 1 1
github.com/orch8-io/sdk-go/client.go:229.2,230.67 2 1
github.com/orch8-io/sdk-go/client.go:230.67,232.3 1 0
github.com/orch8-io/sdk-go/client.go:233.2,233.17 1 1
github.com/orch8-io/sdk-go/client.go:238.86,240.2 1 1
github.com/orch8-io/sdk-go/client.go:244.88,246.2 1 1
github.com/orch8-io/sdk-go/client.go:256.96,258.92 2 1
github.com/orch8-io/sdk-go/client.go:258.92,260.3 1 0
github.com/orch8-io/sdk-go/client.go:261.2,261.18 1 1
github.com/orch8-io/sdk-go/client.go:265.83,267.90 2 1
github.com/orch8-io/sdk-go/client.go:267.90,269.3 1 0
github.com/orch8-io/sdk-go/client.go:270.2,270.17 1 1
github.com/orch8-io/sdk-go/client.go:274.92,276.87 2 1
github.com/orch8-io/sdk-go/client.go:276.87,278.3 1 0
github.com/orch8-io/sdk-go/client.go:279.2,279.17 1 1
github.com/orch8-io/sdk-go/client.go:283.87,285.89 2 1
github.com/orch8-io/sdk-go/client.go:285.89,287.3 1 0
github.com/orch8-io/sdk-go/client.go:288.2,288.18 1 1
github.com/orch8-io/sdk-go/client.go:292.96,294.102 2 1
github.com/orch8-io/sdk-go/client.go:294.102,296.3 1 0
github.com/orch8-io/sdk-go/client.go:297.2,297.17 1 1
github.com/orch8-io/sdk-go/client.go:301.104,303.104 2 1
github.com/orch8-io/sdk-go/client.go:303.104,305.3 1 0
github.com/orch8-io/sdk-go/client.go:306.2,306.18 1 1
github.com/orch8-io/sdk-go/client.go:310.99,312.109 2 1
github.com/orch8-io/sdk-go/client.go:312.109,314.3 1 0
github.com/orch8-io/sdk-go/client.go:315.2,315.18 1 1
github.com/orch8-io/sdk-go/client.go:322.96,324.21 2 1
github.com/orch8-io/sdk-go/client.go:324.21,326.3 1 1
github.com/orch8-io/sdk-go/client.go:327.2,327.93 1 1
github.com/orch8-io/sdk-go/client.go:331.79,333.2 1 1
github.com/orch8-io/sdk-go/client.go:336.93,338.96 2 1
github.com/orch8-io/sdk-go/client.go:338.96,340.3 1 0
github.com/orch8-io/sdk-go/client.go:341.2,341.17 1 1
github.com/orch8-io/sdk-go/client.go:345.118,351.89 3 1
github.com/orch8-io/sdk-go/client.go:351.89,353.3 1 0
github.com/orch8-io/sdk-go/client.go:354.2,354.18 1 1
github.com/orch8-io/sdk-go/client.go:358.116,364.94 3 1
github.com/orch8-io/sdk-go/client.go:364.94,366.3 1 0
github.com/orch8-io/sdk-go/client.go:367.2,367.18 1 1
github.com/orch8-io/sdk-go/client.go:371.97,373.21 2 1
github.com/orch8-io/sdk-go/client.go:373.21,375.28 2 0
github.com/orch8-io/sdk-go/client.go:375.28,377.4 1 0
github.com/orch8-io/sdk-go/client.go:378.3,378.32 1 0
github.com/orch8-io/sdk-go/client.go:380.2,381.67 2 1
github.com/orch8-io/sdk-go/client.go:381.67,383.3 1 0
github.com/orch8-io/sdk-go/client.go:384.2,384.17 1 1
github.com/orch8-io/sdk-go/client.go:392.83,394.72 2 1
github.com/orch8-io/sdk-go/client.go:394.72,396.3 1 0
github.com/orch8-io/sdk-go/client.go:397.2,397.18 1 1
github.com/orch8-io/sdk-go/client.go:401.89,403.20 2 1
github.com/orch8-io/sdk-go/client.go:403.20,405.3 1 1
github.com/orch8-io/sdk-go/client.go:406.2,407.67 2 1
github.com/orch8-io/sdk-go/client.go:407.67,409.3 1 0
github.com/orch8-io/sdk-go/client.go:410.2,410.17 1 1
github.com/orch8-io/sdk-go/client.go:414.81,416.74 2 1
github.com/orch8-io/sdk-go/client.go:416.74,418.3 1 0
github.com/orch8-io/sdk-go/client.go:419.2,419.18 1 1
github.com/orch8-io/sdk-go/client.go:423.94,425.75 2 1
github.com/orch8-io/sdk-go/client.go:425.75,427.3 1 0
github.com/orch8-io/sdk-go/client.go:428.2,428.18 1 1
github.com/orch8-io/sdk-go/client.go:432.67,434.2 1 1
github.com/orch8-io/sdk-go/client.go:441.84,443.76 2 1
github.com/orch8-io/sdk-go/client.go:443.76,445.3 1 0
github.com/orch8-io/sdk-go/client.go:446.2,446.18 1 1
github.com/orch8-io/sdk-go/client.go:450.91,452.20 2 1
github.com/orch8-io/sdk-go/client.go:452.20,454.3 1 0
github.com/orch8-io/sdk-go/client.go:455.2,456.67 2 1
github.com/orch8-io/sdk-go/client.go:456.67,458.3 1 0
github.com/orch8-io/sdk-go/client.go:459.2,459.17 1 1
github.com/orch8-io/sdk-go/client.go:463.84,465.80 2 1
github.com/orch8-io/sdk-go/client.go:465.80,467.3 1 0
github.com/orch8-io/sdk-go/client.go:468.2,468.18 1 1
github.com/orch8-io/sdk-go/client.go:472.72,474.2 1 1
github.com/orch8-io/sdk-go/client.go:477.104,479.90 2 1
github.com/orch8-io/sdk-go/client.go:479.90,481.3 1 0
github.com/orch8-io/sdk-go/client.go:482.2,482.18 1 1
github.com/orch8-io/sdk-go/client.go:490.82,492.75 2 1
github.com/orch8-io/sdk-go/client.go:492.75,494.3 1 0
github.com/orch8-io/sdk-go/client.go:495.2,495.18 1 1
github.com/orch8-io/sdk-go/client.go:499.89,501.20 2 1
github.com/orch8-io/sdk-go/client.go:501.20,503.3 1 0
github.com/orch8-io/sdk-go/client.go:504.2,505.67 2 1
github.com/orch8-io/sdk-go/client.go:505.67,507.3 1 0
github.com/orch8-io/sdk-go/client.go:508.2,508.17 1 1
github.com/orch8-io/sdk-go/client.go:512.82,514.79 2 1
github.com/orch8-io/sdk-go/client.go:514.79,516.3 1 0
github.com/orch8-io/sdk-go/client.go:517.2,517.18 1 1
github.com/orch8-io/sdk-go/client.go:521.97,523.84 2 1
github.com/orch8-io/sdk-go/client.go:523.84,525.3 1 0
github.com/orch8-io/sdk-go/client.go:526.2,526.18 1 1
github.com/orch8-io/sdk-go/client.go:530.71,532.2 1 1
github.com/orch8-io/sdk-go/client.go:539.81,541.76 2 1
github.com/orch8-io/sdk-go/client.go:541.76,543.3 1 0
github.com/orch8-io/sdk-go/client.go:544.2,544.18 1 1
github.com/orch8-io/sdk-go/client.go:548.79,550.78 2 1
github.com/orch8-io/sdk-go/client.go:550.78,552.3 1 0
github.com/orch8-io/sdk-go/client.go:553.2,553.18 1 1
github.com/orch8-io/sdk-go/client.go:557.95,559.99 2 1
github.com/orch8-io/sdk-go/client.go:559.99,561.3 1 0
github.com/orch8-io/sdk-go/client.go:562.2,562.18 1 1
github.com/orch8-io/sdk-go/client.go:566.96,568.89 2 1
github.com/orch8-io/sdk-go/client.go:568.89,570.3 1 0
github.com/orch8-io/sdk-go/client.go:571.2,571.18 1 1
github.com/orch8-io/sdk-go/client.go:575.97,577.90 2 1
github.com/orch8-io/sdk-go/client.go:577.90,579.3 1 0
github.com/orch8-io/sdk-go/client.go:580.2,580.18 1 1
github.com/orch8-io/sdk-go/client.go:584.95,586.91 2 1
github.com/orch8-io/sdk-go/client.go:586.91,588.3 1 0
github.com/orch8-io/sdk-go/client.go:589.2,589.17 1 1
github.com/orch8-io/sdk-go/client.go:597.112,604.86 3 1
github.com/orch8-io/sdk-go/client.go:604.86,606.3 1 0
github.com/orch8-io/sdk-go/client.go:607.2,607.17 1 1
github.com/orch8-io/sdk-go/client.go:611.102,617.2 2 1
github.com/orch8-io/sdk-go/client.go:620.104,627.2 2 1
github.com/orch8-io/sdk-go/client.go:630.84,635.2 2 1
github.com/orch8-io/sdk-go/client.go:638.103,640.21 2 1
github.com/orch8-io/sdk-go/client.go:640.21,642.28 2 0
github.com/orch8-io/sdk-go/client.go:642.28,644.4 1 0
github.com/orch8-io/sdk-go/client.go:645.3,645.32 1 0
github.com/orch8-io/sdk-go/client.go:647.2,648.67 2 1
github.com/orch8-io/sdk-go/client.go:648.67,650.3 1 0
github.com/orch8-io/sdk-go/client.go:651.2,651.17 1 1
github.com/orch8-io/sdk-go/client.go:655.82,657.85 2 1
github.com/orch8-io/sdk-go/client.go:657.85,659.3 1 0
github.com/orch8-io/sdk-go/client.go:660.2,660.17 1 1
github.com/orch8-io/sdk-go/client.go:664.115,670.93 3 1
github.com/orch8-io/sdk-go/client.go:670.93,672.3 1 0
github.com/orch8-io/sdk-go/client.go:673.2,673.17 1 1
github.com/orch8-io/sdk-go/client.go:681.103,683.21 2 1
github.com/orch8-io/sdk-go/client.go:683.21,685.28 2 0
github.com/orch8-io/sdk-go/client.go:685.28,687.4 1 0
github.com/orch8-io/sdk-go/client.go:688.3,688.32 1 0
github.com/orch8-io/sdk-go/client.go:690.2,691.67 2 1
github.com/orch8-io/sdk-go/client.go:691.67,693.3 1 0
github.com/orch8-io/sdk-go/client.go:694.2,694.17 1 1
github.com/orch8-io/sdk-go/client.go:702.79,704.79 2 1
github.com/orch8-io/sdk-go/client.go:704.79,706.3 1 0
github.com/orch8-io/sdk-go/client.go:707.2,707.17 1 1
github.com/orch8-io/sdk-go/client.go:711.66,713.2 1 1
github.com/orch8-io/sdk-go/client.go:720.90,722.82 2 1
github.com/orch8-io/sdk-go/client.go:722.82,724.3 1 0
github.com/orch8-io/sdk-go/client.go:725.2,725.17 1 1
github.com/orch8-io/sdk-go/client.go:729.103,731.91 2 1
github.com/orch8-io/sdk-go/client.go:731.91,733.3 1 0
github.com/orch8-io/sdk-go/client.go:734.2,734.18 1 1
github.com/orch8-io/sdk-go/client.go:738.81,740.2 1 1
github.com/orch8-io/sdk-go/client.go:747.71,749.78 2 1
github.com/orch8-io/sdk-go/client.go:749.78,751.3 1 0
github.com/orch8-io/sdk-go/client.go:752.2,752.18 1 1
github.com/orch8-io/sdk-go/client.go:760.90,762.20 2 1
github.com/orch8-io/sdk-go/client.go:762.20,764.3 1 0
github.com/orch8-io/sdk-go/client.go:765.2,766.67 2 1
github.com/orch8-io/sdk-go/client.go:766.67,768.3 1 0
github.com/orch8-io/sdk-go/client.go:769.2,769.17 1 1
github.com/orch8-io/sdk-go/client.go:773.83,775.73 2 1
github.com/orch8-io/sdk-go/client.go:775.73,777.3 1 0
github.com/orch8-io/sdk-go/client.go:778.2,778.18 1 1
github.com/orch8-io/sdk-go/client.go:782.81,784.75 2 1
github.com/orch8-io/sdk-go/client.go:784.75,786.3 1 0
github.com/orch8-io/sdk-go/client.go:787.2,787.18 1 1
github.com/orch8-io/sdk-go/client.go:791.67,793.2 1 1
github.com/orch8-io/sdk-go/client.go:796.96,798.92 2 1
github.com/orch8-io/sdk-go/client.go:798.92,800.3 1 0
github.com/orch8-io/sdk-go/client.go:801.2,801.17 1 1
github.com/orch8-io/sdk-go/client.go:805.106,807.94 2 1
github.com/orch8-io/sdk-go/client.go:807.94,809.3 1 0
github.com/orch8-io/sdk-go/client.go:810.2,810.18 1 1
github.com/orch8-io/sdk-go/client.go:814.118,816.105 2 1
github.com/orch8-io/sdk-go/client.go:816.105,818.3 1 0
github.com/orch8-io/sdk-go/client.go:819.2,819.18 1 1
github.com/orch8-io/sdk-go/client.go:823.91,825.2 1 1
github.com/orch8-io/sdk-go/client.go:832.94,834.20 2 1
github.com/orch8-io/sdk-go/client.go:834.20,836.3 1 0
github.com/orch8-io/sdk-go/client.go:837.2,838.67 2 1
github.com/orch8-io/sdk-go/client.go:838.67,840.3 1 0
github.com/orch8-io/sdk-go/client.go:841.2,841.17 1 1
github.com/orch8-io/sdk-go/client.go:845.87,847.79 2 1
github.com/orch8-io/sdk-go/client.go:847.79,849.3 1 0
github.com/orch8-io/sdk-go/client.go:850.2,850.18 1 1
github.com/orch8-io/sdk-go/client.go:854.85,856.81 2 1
github.com/orch8-io/sdk-go/client.go:856.81,858.3 1 0
github.com/orch8-io/sdk-go/client.go:859.2,859.18 1 1
github.com/orch8-io/sdk-go/client.go:863.73,865.2 1 1
github.com/orch8-io/sdk-go/client.go:868.98,870.84 2 1
github.com/orch8-io/sdk-go/client.go:870.84,872.3 1 0
github.com/orch8-io/sdk-go/client.go:873.2,873.18 1 1
github.com/orch8-io/sdk-go/client.go:881.113,883.103 2 1
github.com/orch8-io/sdk-go/client.go:883.103,885.3 1 0
github.com/orch8-io/sdk-go/client.go:886.2,886.17 1 1
github.com/orch8-io/sdk-go/client.go:890.119,892.112 2 1
github.com/orch8-io/sdk-go/client.go:892.112,894.3 1 0
github.com/orch8-io/sdk-go/client.go:895.2,895.18 1 1
github.com/orch8-io/sdk-go/client.go:899.97,901.2 1 1
github.com/orch8-io/sdk-go/errors.go:12.37,14.2 1 0
github.com/orch8-io/sdk-go/worker.go:57.42,59.23 2 0
github.com/orch8-io/sdk-go/worker.go:59.23,61.3 1 0
github.com/orch8-io/sdk-go/worker.go:62.2,63.28 2 0
github.com/orch8-io/sdk-go/worker.go:63.28,65.3 1 0
github.com/orch8-io/sdk-go/worker.go:66.2,67.24 2 0
github.com/orch8-io/sdk-go/worker.go:67.24,69.3 1 0
github.com/orch8-io/sdk-go/worker.go:71.2,84.3 1 0
github.com/orch8-io/sdk-go/worker.go:88.45,93.12 3 0
github.com/orch8-io/sdk-go/worker.go:93.12,96.3 2 0
github.com/orch8-io/sdk-go/worker.go:99.2,99.31 1 0
github.com/orch8-io/sdk-go/worker.go:99.31,102.13 3 0
github.com/orch8-io/sdk-go/worker.go:102.13,105.4 2 0
github.com/orch8-io/sdk-go/worker.go:109.2,112.13 2 0
github.com/orch8-io/sdk-go/worker.go:116.25,117.21 1 0
github.com/orch8-io/sdk-go/worker.go:117.21,119.3 1 0
github.com/orch8-io/sdk-go/worker.go:122.68,126.6 2 0
github.com/orch8-io/sdk-go/worker.go:126.6,130.20 4 0
github.com/orch8-io/sdk-go/worker.go:130.20,132.4 1 0
github.com/orch8-io/sdk-go/worker.go:134.3,135.10 2 0
github.com/orch8-io/sdk-go/worker.go:136.21,138.10 2 0
github.com/orch8-io/sdk-go/worker.go:139.18,140.28 1 0
github.com/orch8-io/sdk-go/worker.go:145.64,146.22 1 0
github.com/orch8-io/sdk-go/worker.go:146.22,148.3 1 0
github.com/orch8-io/sdk-go/worker.go:151.2,151.27 1 0
github.com/orch8-io/sdk-go/worker.go:151.27,153.39 2 0
github.com/orch8-io/sdk-go/worker.go:153.39,155.4 1 0
github.com/orch8-io/sdk-go/worker.go:159.2,160.16 2 0
github.com/orch8-io/sdk-go/worker.go:160.16,162.3 1 0
github.com/orch8-io/sdk-go/worker.go:164.2,165.16 2 0
github.com/orch8-io/sdk-go/worker.go:165.16,166.23 1 0
github.com/orch8-io/sdk-go/worker.go:166.23,168.4 1 0
github.com/orch8-io/sdk-go/worker.go:170.3,172.15 3 0
github.com/orch8-io/sdk-go/worker.go:172.15,174.4 1 0
github.com/orch8-io/sdk-go/worker.go:175.3,176.23 2 0
github.com/orch8-io/sdk-go/worker.go:176.23,178.4 1 0
github.com/orch8-io/sdk-go/worker.go:179.3,181.9 3 0
github.com/orch8-io/sdk-go/worker.go:185.2,189.21 4 0
github.com/orch8-io/sdk-go/worker.go:189.21,191.3 1 0
github.com/orch8-io/sdk-go/worker.go:193.2,193.29 1 0
github.com/orch8-io/sdk-go/worker.go:193.29,196.10 2 0
github.com/orch8-io/sdk-go/worker.go:197.28,197.28 0 0
github.com/orch8-io/sdk-go/worker.go:198.21,199.10 1 0
github.com/orch8-io/sdk-go/worker.go:202.3,207.13 5 0
github.com/orch8-io/sdk-go/worker.go:207.13,209.17 2 0
github.com/orch8-io/sdk-go/worker.go:209.17,214.5 4 0
github.com/orch8-io/sdk-go/worker.go:215.4,215.28 1 0
github.com/orch8-io/sdk-go/worker.go:220.68,222.9 2 0
github.com/orch8-io/sdk-go/worker.go:222.9,223.130 1 0
github.com/orch8-io/sdk-go/worker.go:223.130,225.4 1 0
github.com/orch8-io/sdk-go/worker.go:226.3,226.9 1 0
github.com/orch8-io/sdk-go/worker.go:230.2,231.50 2 0
github.com/orch8-io/sdk-go/worker.go:231.50,235.3 3 0
github.com/orch8-io/sdk-go/worker.go:237.2,238.16 2 0
github.com/orch8-io/sdk-go/worker.go:238.16,243.97 1 0
github.com/orch8-io/sdk-go/worker.go:243.97,245.4 1 0
github.com/orch8-io/sdk-go/worker.go:246.3,246.26 1 0
github.com/orch8-io/sdk-go/worker.go:246.26,248.4 1 0
github.com/orch8-io/sdk-go/worker.go:249.3,249.9 1 0
github.com/orch8-io/sdk-go/worker.go:252.2,252.19 1 0
github.com/orch8-io/sdk-go/worker.go:252.19,254.3 1 0
github.com/orch8-io/sdk-go/worker.go:255.2,255.80 1 0
github.com/orch8-io/sdk-go/worker.go:255.80,257.3 1 0
github.com/orch8-io/sdk-go/worker.go:258.2,258.29 1 0
github.com/orch8-io/sdk-go/worker.go:258.29,260.3 1 0
github.com/orch8-io/sdk-go/worker.go:263.53,267.6 3 0
github.com/orch8-io/sdk-go/worker.go:267.6,268.10 1 0
github.com/orch8-io/sdk-go/worker.go:269.21,270.10 1 0
github.com/orch8-io/sdk-go/worker.go:271.19,274.31 3 0
github.com/orch8-io/sdk-go/worker.go:274.31,276.5 1 0
github.com/orch8-io/sdk-go/worker.go:277.4,279.27 2 0
github.com/orch8-io/sdk-go/worker.go:279.27,280.91 1 0
github.com/orch8-io/sdk-go/worker.go:280.91,282.6 1 0
